2020-05-01 00:05:18.531  INFO 9968 --- [XNIO-1 I/O-2] lavalink.server.io.SocketServer          : Connection closed from /127.0.0.1:50654 with status CloseStatus[code=1006, reason=] -- Session can be resumed within the next 60 seconds with key default-node
2020-05-01 00:06:18.532  INFO 9968 --- [pool-85-thread-1] lavalink.server.io.SocketContext         : Shutting down 0 playing players.
2020-05-01 09:59:49.475  INFO 11480 --- [main] lavalink.server.Launcher                 : 

[32m       .  [31m _                  _ _       _    [32m__ _ _
[32m      /\\ [31m| | __ ___   ____ _| (_)_ __ | | __[32m\ \ \ \
[32m     ( ( )[31m| |/ _` \ \ / / _` | | | '_ \| |/ /[32m \ \ \ \
[32m      \\/ [31m| | (_| |\ V / (_| | | | | | |   < [32m  ) ) ) )
[32m       '  [31m|_|\__,_| \_/ \__,_|_|_|_| |_|_|\_\[32m / / / /
[0m    =========================================[32m/_/_/_/[0m

	Version:        6b1a1f0fd486d49d9860275ed6797a8688485104-SNAPSHOT
	Build:          1034
	Build time:     27.04.2020 17:50:29 UTC
	Branch          master
	Commit:         6b1a1f0
	Commit time:    27.04.2020 17:45:47 UTC
	JVM:            11
	Lavaplayer      1.3.38

2020-05-01 09:59:49.657  WARN 11480 --- [background-preinit] o.s.h.c.j.Jackson2ObjectMapperBuilder    : For Jackson Kotlin classes support please add "com.fasterxml.jackson.module:jackson-module-kotlin" to the classpath
2020-05-01 10:01:17.086  INFO 11480 --- [main] lavalink.server.Launcher                 : Starting Launcher on DESKTOP-COTS216 with PID 11480 (F:\Innkeeper\Lavalink_Server\Lavalink.jar started by ChillFish8 in F:\Innkeeper\Lavalink_Server)
2020-05-01 10:01:17.087  INFO 11480 --- [main] lavalink.server.Launcher                 : No active profile set, falling back to default profiles: default
2020-05-01 10:01:17.903  WARN 11480 --- [main] io.undertow.websockets.jsr               : UT026010: Buffer pool was not set on WebSocketDeploymentInfo, the default pool will be used
2020-05-01 10:01:17.924  INFO 11480 --- [main] io.undertow.servlet                      : Initializing Spring embedded WebApplicationContext
2020-05-01 10:01:17.924  INFO 11480 --- [main] o.s.web.context.ContextLoader            : Root WebApplicationContext: initialization completed in 811 ms
2020-05-01 10:01:18.155  WARN 11480 --- [main] l.server.config.SentryConfiguration      : Turning off sentry
2020-05-01 10:01:18.162  INFO 11480 --- [main] l.s.c.AudioSendFactoryConfiguration      : OS: Windows 10, Arch: amd64
2020-05-01 10:01:18.162  INFO 11480 --- [main] l.s.c.AudioSendFactoryConfiguration      : JDA-NAS supported system detected. Enabled native audio sending.
2020-05-01 10:01:18.163  INFO 11480 --- [main] l.s.c.AudioSendFactoryConfiguration      : Setting buffer to 400ms
2020-05-01 10:01:18.163  INFO 11480 --- [main] l.s.c.AudioSendFactoryConfiguration      : Setting playlist load limit to 6
2020-05-01 10:01:18.433  INFO 11480 --- [main] c.s.d.l.tools.GarbageCollectionMonitor   : GC monitoring enabled, reporting results every 2 minutes.
2020-05-01 10:01:18.657  INFO 11480 --- [main] o.s.s.concurrent.ThreadPoolTaskExecutor  : Initializing ExecutorService 'applicationTaskExecutor'
2020-05-01 10:01:18.874  INFO 11480 --- [main] org.xnio                                 : XNIO version 3.3.8.Final
2020-05-01 10:01:18.881  INFO 11480 --- [main] org.xnio.nio                             : XNIO NIO Implementation Version 3.3.8.Final
2020-05-01 10:01:18.969  INFO 11480 --- [main] o.s.b.w.e.u.UndertowServletWebServer     : Undertow started on port(s) 2333 (http) with context path ''
2020-05-01 10:01:18.972  INFO 11480 --- [main] lavalink.server.Launcher                 : Started Launcher in 89.854 seconds (JVM running for 90.501)
2020-05-01 10:02:44.296  INFO 11480 --- [XNIO-1 task-1] io.undertow.servlet                      : Initializing Spring DispatcherServlet 'dispatcherServlet'
2020-05-01 10:02:44.297  INFO 11480 --- [XNIO-1 task-1] o.s.web.servlet.DispatcherServlet        : Initializing Servlet 'dispatcherServlet'
2020-05-01 10:02:44.301  INFO 11480 --- [XNIO-1 task-1] o.s.web.servlet.DispatcherServlet        : Completed initialization in 4 ms
2020-05-01 10:02:44.314  INFO 11480 --- [XNIO-1 task-1] l.server.io.HandshakeInterceptorImpl     : Incoming connection from /127.0.0.1:53436
2020-05-01 10:02:44.393  INFO 11480 --- [XNIO-1 task-1] lavalink.server.io.SocketServer          : Connection successfully established from /127.0.0.1:53436
2020-05-01 10:02:44.404  INFO 11480 --- [XNIO-1 I/O-12] lavalink.server.io.SocketServer          : {"op": "configureResuming", "key": "default-node", "timeout": 60}
